10/14/2019 03:46:57 	ADD WAREHOUSE 970 1000
10/14/2019 03:46:57 	ADD PRODUCT "Sofia Vegara 5 Piece Living Room Set" 38538505-0767-453f-89af-d11c809ebb3b
10/14/2019 03:47:44 	STOCK 38538505-0767-453f-89af-d11c809ebb3b 970 1000
10/14/2019 03:47:44 	LIST WAREHOUSE 970
10/14/2019 03:57:26 	LIST WAREHOUSE 970
10/14/2019 03:57:26 	LIST PRODUCT
10/14/2019 03:58:27 	list products
10/14/2019 03:58:27 	list warehouses
10/14/2019 03:59:18 	list warehouses
10/14/2019 03:59:18 	list warehouse 98
10/14/2019 03:59:35 	list warehouse 970
10/14/2019 03:59:35 	list products
10/14/2019 06:15:43 	ADD WAREHOUSE 2 1000
10/14/2019 06:15:43 	ADD WAREHOUSE 2 
10/14/2019 06:15:58 	ADD PRODUCT "Sofia Vegara 5 Piece Living Room Set" 38538505-0767-453f-89af-d11c809ebb3b
10/14/2019 06:15:58 	STOCK 38538505-0767-453f-89af-d11c809ebb3b 2 1000
10/14/2019 06:16:20 	STOCK 38538505-0767-453f-89af-d11c809ebb3b 2 1000
10/14/2019 06:16:20 	UNSTOCK 38538505-0767-453f-89af-d11c809ebb3b 2 1000
10/14/2019 07:15:32 	add 
10/14/2019 07:15:32 	add product "TRUNK" 38538505-0767-453f-89af-d11c809ecc4c
10/14/2019 07:16:15 	add product "TRUNK" 38538505-0767-453f-89af-d11c809ecc4c
10/14/2019 07:16:15 	STOCK 38538505-0767-453f-89af-d11c809ecc4c 3 10
10/14/2019 07:16:26 	STOCK 38538505-0767-453f-89af-d11c809ecc4c 45 10
10/14/2019 07:16:26 	STOCK 38538505-0767-453f-89af-d11c809ecc4c 2 10
10/14/2019 07:17:12 	list warehouses
10/14/2019 07:17:12 	add warehouse 10
10/14/2019 07:17:36 	STOCK 38538505-0767-453f-89af-d11c809ecc4c 10 10
10/14/2019 07:17:36 	UNSTOCK 38538505-0767-453f-89af-d11c809ecc4c 10 100
10/14/2019 07:18:53 	add warehouse 10
10/14/2019 07:18:53 	list warehouses
